<?xml version="1.0" encoding="UTF-8"?>
<!-- Generated by org.testng.reporters.JUnitXMLReporter -->
<testsuite hostname="DESKTOP-GK381SJ" name="test-Chrome" tests="5" failures="0" timestamp="11 Mar 2021 23:05:21 GMT" time="510.667" errors="0">
  <testcase name="@BeforeMethod Bm" time="0.0" classname="crmvtigerassignment.CreateFilter">
    <failure type="org.openqa.selenium.TimeoutException" message="timeout: Timed out receiving message from renderer: 300.000
  (Session info: chrome=89.0.4389.82)
Build info: version: &amp;apos;3.141.59&amp;apos;, revision: &amp;apos;e82be7d358&amp;apos;, time: &amp;apos;2018-11-14T08:17:03&amp;apos;
System info: host: &amp;apos;DESKTOP-GK381SJ&amp;apos;, ip: &amp;apos;127.0.0.1&amp;apos;, os.name: &amp;apos;Windows 10&amp;apos;, os.arch: &amp;apos;amd64&amp;apos;, os.version: &amp;apos;10.0&amp;apos;, java.version: &amp;apos;1.8.0_261&amp;apos;
Driver info: org.openqa.selenium.chrome.ChromeDriver
Capabilities {acceptInsecureCerts: false, browserName: chrome, browserVersion: 89.0.4389.82, chrome: {chromedriverVersion: 89.0.4389.23 (61b08ee2c5002..., userDataDir: C:\Users\Dell\AppData\Local...}, goog:chromeOptions: {debuggerAddress: localhost:63459}, javascriptEnabled: true, networkConnectionEnabled: false, pageLoadStrategy: normal, platform: WINDOWS, platformName: WINDOWS, proxy: Proxy(), setWindowRect: true, strictFileInteractability: false, timeouts: {implicit: 0, pageLoad: 300000, script: 30000}, unhandledPromptBehavior: dismiss and notify, webauthn:extension:largeBlob: true, webauthn:virtualAuthenticators: true}
Session ID: 67c080c9ee031da6fad132eeb948252b">
      <![CDATA[org.openqa.selenium.TimeoutException: timeout: Timed out receiving message from renderer: 300.000
  (Session info: chrome=89.0.4389.82)
Build info: version: '3.141.59', revision: 'e82be7d358', time: '2018-11-14T08:17:03'
System info: host: 'DESKTOP-GK381SJ', ip: '127.0.0.1', os.name: 'Windows 10', os.arch: 'amd64', os.version: '10.0', java.version: '1.8.0_261'
Driver info: org.openqa.selenium.chrome.ChromeDriver
Capabilities {acceptInsecureCerts: false, browserName: chrome, browserVersion: 89.0.4389.82, chrome: {chromedriverVersion: 89.0.4389.23 (61b08ee2c5002..., userDataDir: C:\Users\Dell\AppData\Local...}, goog:chromeOptions: {debuggerAddress: localhost:63459}, javascriptEnabled: true, networkConnectionEnabled: false, pageLoadStrategy: normal, platform: WINDOWS, platformName: WINDOWS, proxy: Proxy(), setWindowRect: true, strictFileInteractability: false, timeouts: {implicit: 0, pageLoad: 300000, script: 30000}, unhandledPromptBehavior: dismiss and notify, webauthn:extension:largeBlob: true, webauthn:virtualAuthenticators: true}
Session ID: 67c080c9ee031da6fad132eeb948252b
	at org.openqa.selenium.remote.http.W3CHttpResponseCodec.createException(W3CHttpResponseCodec.java:187)
	at org.openqa.selenium.remote.http.W3CHttpResponseCodec.decode(W3CHttpResponseCodec.java:122)
	at org.openqa.selenium.remote.http.W3CHttpResponseCodec.decode(W3CHttpResponseCodec.java:49)
	at org.openqa.selenium.remote.HttpCommandExecutor.execute(HttpCommandExecutor.java:158)
	at org.openqa.selenium.remote.service.DriverCommandExecutor.execute(DriverCommandExecutor.java:83)
	at org.openqa.selenium.remote.RemoteWebDriver.execute(RemoteWebDriver.java:552)
	at org.openqa.selenium.remote.RemoteWebElement.execute(RemoteWebElement.java:285)
	at org.openqa.selenium.remote.RemoteWebElement.sendKeys(RemoteWebElement.java:106)
	at org.openqa.selenium.support.pagefactory.internal.LocatingElementHandler.invoke(LocatingElementHandler.java:51)
	at com.sun.proxy.$Proxy14.sendKeys(Unknown Source)
	at com.crm.comcast.objectRepoUtility.LoginPage.LoginToApp(LoginPage.java:31)
	at com.vtigercrm.genericutilities.BaseClass.Bm(BaseClass.java:63)
	at java.util.concurrent.FutureTask.run(FutureTask.java:266)
	at java.util.concurrent.ThreadPoolExecutor.runWorker(ThreadPoolExecutor.java:1149)
	at java.util.concurrent.ThreadPoolExecutor$Worker.run(ThreadPoolExecutor.java:624)
	at java.lang.Thread.run(Thread.java:748)
... Removed 26 stack frames]]>
    </failure>
  </testcase> <!-- @BeforeMethod Bm -->
  <testcase name="@AfterMethod Am" time="0.0" classname="crmvtigerassignment.CreateFilter">
    <skipped/>
  </testcase> <!-- @AfterMethod Am -->
  <testcase name="@BeforeMethod Bm" time="0.0" classname="crmvtigerassignment.CreateFilter">
    <skipped/>
  </testcase> <!-- @BeforeMethod Bm -->
  <testcase name="@AfterMethod Am" time="0.0" classname="crmvtigerassignment.CreateFilter">
    <skipped/>
  </testcase> <!-- @AfterMethod Am -->
  <testcase name="@BeforeMethod Bm" time="0.0" classname="crmvtigerassignment.CreateFilter">
    <skipped/>
  </testcase> <!-- @BeforeMethod Bm -->
  <testcase name="@AfterMethod Am" time="0.0" classname="crmvtigerassignment.CreateFilter">
    <skipped/>
  </testcase> <!-- @AfterMethod Am -->
  <testcase name="@AfterClass Ac" time="0.0" classname="crmvtigerassignment.CreateFilter">
    <skipped/>
  </testcase> <!-- @AfterClass Ac -->
  <testcase name="@BeforeClass Bc" time="0.0" classname="crmvtigerassignment.CreateOpportunity">
    <skipped/>
  </testcase> <!-- @BeforeClass Bc -->
  <testcase name="@BeforeMethod Bm" time="0.0" classname="crmvtigerassignment.CreateOpportunity">
    <skipped/>
  </testcase> <!-- @BeforeMethod Bm -->
  <testcase name="@AfterMethod Am" time="0.0" classname="crmvtigerassignment.CreateOpportunity">
    <skipped/>
  </testcase> <!-- @AfterMethod Am -->
  <testcase name="@BeforeMethod Bm" time="0.0" classname="crmvtigerassignment.CreateOpportunity">
    <skipped/>
  </testcase> <!-- @BeforeMethod Bm -->
  <testcase name="@AfterMethod Am" time="0.0" classname="crmvtigerassignment.CreateOpportunity">
    <skipped/>
  </testcase> <!-- @AfterMethod Am -->
  <testcase name="@AfterClass Ac" time="0.0" classname="crmvtigerassignment.CreateOpportunity">
    <skipped/>
  </testcase> <!-- @AfterClass Ac -->
  <testcase name="CreateFilterTC_26" time="0.458" classname="crmvtigerassignment.CreateFilter">
    <skipped/>
  </testcase> <!-- CreateFilterTC_26 -->
  <testcase name="CreateFilterTC_27" time="0.001" classname="crmvtigerassignment.CreateFilter">
    <skipped/>
  </testcase> <!-- CreateFilterTC_27 -->
  <testcase name="CreateFilterTC_28" time="0.002" classname="crmvtigerassignment.CreateFilter">
    <skipped/>
  </testcase> <!-- CreateFilterTC_28 -->
  <testcase name="CreateOpp_25" time="0.001" classname="crmvtigerassignment.CreateOpportunity">
    <skipped/>
  </testcase> <!-- CreateOpp_25 -->
  <testcase name="CreateOpp_TC_24" time="0.002" classname="crmvtigerassignment.CreateOpportunity">
    <skipped/>
  </testcase> <!-- CreateOpp_TC_24 -->
</testsuite> <!-- test-Chrome -->
