<?xml version="1.0" encoding="UTF-8"?>
<!-- Generated by org.testng.reporters.JUnitReportReporter -->
<testsuite skipped="1" hostname="DESKTOP-GK381SJ" name="com.crm.vtiger.EditingInfoForProduct" tests="2" failures="0" timestamp="13 Mar 2021 20:10:20 GMT" time="0.000" errors="1">
  <testcase name="ProdTC23" time="0.000" classname="com.crm.vtiger.EditingInfoForProduct">
    <skipped/>
  </testcase> <!-- ProdTC23 -->
  <testcase name="Bc" time="0.000" classname="com.crm.vtiger.EditingInfoForProduct">
    <error type="org.openqa.selenium.WebDriverException" message="unknown error: DevToolsActivePort file doesn&#039;t exist
Build info: version: &#039;3.141.59&#039;, revision: &#039;e82be7d358&#039;, time: &#039;2018-11-14T08:17:03&#039;
System info: host: &#039;DESKTOP-GK381SJ&#039;, ip: &#039;127.0.0.1&#039;, os.name: &#039;Windows 10&#039;, os.arch: &#039;amd64&#039;, os.version: &#039;10.0&#039;, java.version: &#039;1.8.0_261&#039;
Driver info: driver.version: ChromeDriver
remote stacktrace: Backtrace:
	Ordinal0 [0x00C1E7D3+124883]
	Ordinal0 [0x00C1E7B1+124849]
	GetHandleVerifier [0x00E68688+193832]
	GetHandleVerifier [0x00E82F1E+302526]
	GetHandleVerifier [0x00E80033+290515]
	GetHandleVerifier [0x00E7E0AC+282444]
	GetHandleVerifier [0x00EA4A90+440624]
	GetHandleVerifier [0x00EA47FC+439964]
	GetHandleVerifier [0x00EA154B+426987]
	GetHandleVerifier [0x00E84FFD+310941]
	GetHandleVerifier [0x00E85D8E+314414]
	GetHandleVerifier [0x00E85D19+314297]
	GetHandleVerifier [0x00F431EC+1089676]
	GetHandleVerifier [0x00F417C9+1082985]
	GetHandleVerifier [0x00F413A3+1081923]
	GetHandleVerifier [0x0103D9FD+2115741]
	Ordinal0 [0x00D6B82E+1488942]
	Ordinal0 [0x00D05A7D+1071741]
	Ordinal0 [0x00D0559B+1070491]
	Ordinal0 [0x00D054B1+1070257]
	Ordinal0 [0x00D3FF53+1310547]
	BaseThreadInitThunk [0x772E3744+36]
	RtlSetCurrentTransaction [0x77E8A064+212]
	RtlSetCurrentTransaction [0x77E8A02F+159]
">
      <![CDATA[org.openqa.selenium.WebDriverException: unknown error: DevToolsActivePort file doesn't exist
Build info: version: '3.141.59', revision: 'e82be7d358', time: '2018-11-14T08:17:03'
System info: host: 'DESKTOP-GK381SJ', ip: '127.0.0.1', os.name: 'Windows 10', os.arch: 'amd64', os.version: '10.0', java.version: '1.8.0_261'
Driver info: driver.version: ChromeDriver
remote stacktrace: Backtrace:
	Ordinal0 [0x00C1E7D3+124883]
	Ordinal0 [0x00C1E7B1+124849]
	GetHandleVerifier [0x00E68688+193832]
	GetHandleVerifier [0x00E82F1E+302526]
	GetHandleVerifier [0x00E80033+290515]
	GetHandleVerifier [0x00E7E0AC+282444]
	GetHandleVerifier [0x00EA4A90+440624]
	GetHandleVerifier [0x00EA47FC+439964]
	GetHandleVerifier [0x00EA154B+426987]
	GetHandleVerifier [0x00E84FFD+310941]
	GetHandleVerifier [0x00E85D8E+314414]
	GetHandleVerifier [0x00E85D19+314297]
	GetHandleVerifier [0x00F431EC+1089676]
	GetHandleVerifier [0x00F417C9+1082985]
	GetHandleVerifier [0x00F413A3+1081923]
	GetHandleVerifier [0x0103D9FD+2115741]
	Ordinal0 [0x00D6B82E+1488942]
	Ordinal0 [0x00D05A7D+1071741]
	Ordinal0 [0x00D0559B+1070491]
	Ordinal0 [0x00D054B1+1070257]
	Ordinal0 [0x00D3FF53+1310547]
	BaseThreadInitThunk [0x772E3744+36]
	RtlSetCurrentTransaction [0x77E8A064+212]
	RtlSetCurrentTransaction [0x77E8A02F+159]

	at sun.reflect.NativeConstructorAccessorImpl.newInstance0(Native Method)
	at sun.reflect.NativeConstructorAccessorImpl.newInstance(NativeConstructorAccessorImpl.java:62)
	at sun.reflect.DelegatingConstructorAccessorImpl.newInstance(DelegatingConstructorAccessorImpl.java:45)
	at java.lang.reflect.Constructor.newInstance(Constructor.java:423)
	at org.openqa.selenium.remote.W3CHandshakeResponse.lambda$errorHandler$0(W3CHandshakeResponse.java:62)
	at org.openqa.selenium.remote.HandshakeResponse.lambda$getResponseFunction$0(HandshakeResponse.java:30)
	at org.openqa.selenium.remote.ProtocolHandshake.lambda$createSession$0(ProtocolHandshake.java:126)
	at java.util.stream.ReferencePipeline$3$1.accept(ReferencePipeline.java:193)
	at java.util.Spliterators$ArraySpliterator.tryAdvance(Spliterators.java:958)
	at java.util.stream.ReferencePipeline.forEachWithCancel(ReferencePipeline.java:126)
	at java.util.stream.AbstractPipeline.copyIntoWithCancel(AbstractPipeline.java:499)
	at java.util.stream.AbstractPipeline.copyInto(AbstractPipeline.java:486)
	at java.util.stream.AbstractPipeline.wrapAndCopyInto(AbstractPipeline.java:472)
	at java.util.stream.FindOps$FindOp.evaluateSequential(FindOps.java:152)
	at java.util.stream.AbstractPipeline.evaluate(AbstractPipeline.java:234)
	at java.util.stream.ReferencePipeline.findFirst(ReferencePipeline.java:464)
	at org.openqa.selenium.remote.ProtocolHandshake.createSession(ProtocolHandshake.java:128)
	at org.openqa.selenium.remote.ProtocolHandshake.createSession(ProtocolHandshake.java:74)
	at org.openqa.selenium.remote.HttpCommandExecutor.execute(HttpCommandExecutor.java:136)
	at org.openqa.selenium.remote.service.DriverCommandExecutor.execute(DriverCommandExecutor.java:83)
	at org.openqa.selenium.remote.RemoteWebDriver.execute(RemoteWebDriver.java:552)
	at org.openqa.selenium.remote.RemoteWebDriver.startSession(RemoteWebDriver.java:213)
	at org.openqa.selenium.remote.RemoteWebDriver.<init>(RemoteWebDriver.java:131)
	at org.openqa.selenium.chrome.ChromeDriver.<init>(ChromeDriver.java:181)
	at org.openqa.selenium.chrome.ChromeDriver.<init>(ChromeDriver.java:168)
	at org.openqa.selenium.chrome.ChromeDriver.<init>(ChromeDriver.java:123)
	at com.vtigercrm.genericutilities.BaseClass.Bc(BaseClass.java:42)
	at sun.reflect.NativeMethodAccessorImpl.invoke0(Native Method)
	at sun.reflect.NativeMethodAccessorImpl.invoke(NativeMethodAccessorImpl.java:62)
	at sun.reflect.DelegatingMethodAccessorImpl.invoke(DelegatingMethodAccessorImpl.java:43)
	at java.lang.reflect.Method.invoke(Method.java:498)
	at org.testng.internal.MethodInvocationHelper.invokeMethod(MethodInvocationHelper.java:100)
	at org.testng.internal.Invoker.invokeConfigurationMethod(Invoker.java:515)
	at org.testng.internal.Invoker.invokeConfigurations(Invoker.java:216)
	at org.testng.internal.Invoker.invokeConfigurations(Invoker.java:143)
	at org.testng.internal.TestMethodWorker.invokeBeforeClassMethods(TestMethodWorker.java:169)
	at org.testng.internal.TestMethodWorker.run(TestMethodWorker.java:108)
	at org.testng.TestRunner.privateRun(TestRunner.java:753)
	at org.testng.TestRunner.run(TestRunner.java:607)
	at org.testng.SuiteRunner.runTest(SuiteRunner.java:368)
	at org.testng.SuiteRunner.runSequentially(SuiteRunner.java:363)
	at org.testng.SuiteRunner.privateRun(SuiteRunner.java:321)
	at org.testng.SuiteRunner.run(SuiteRunner.java:270)
	at org.testng.SuiteRunnerWorker.runSuite(SuiteRunnerWorker.java:52)
	at org.testng.SuiteRunnerWorker.run(SuiteRunnerWorker.java:86)
	at org.testng.TestNG.runSuitesSequentially(TestNG.java:1284)
	at org.testng.TestNG.runSuitesLocally(TestNG.java:1209)
	at org.testng.TestNG.runSuites(TestNG.java:1124)
	at org.testng.TestNG.run(TestNG.java:1096)
	at org.testng.remote.AbstractRemoteTestNG.run(AbstractRemoteTestNG.java:132)
	at org.testng.remote.RemoteTestNG.initAndRun(RemoteTestNG.java:236)
	at org.testng.remote.RemoteTestNG.main(RemoteTestNG.java:81)
]]>
    </error>
  </testcase> <!-- Bc -->
</testsuite> <!-- com.crm.vtiger.EditingInfoForProduct -->
