<?xml version="1.0" encoding="UTF-8"?>
<!-- Generated by org.testng.reporters.JUnitXMLReporter -->
<testsuite hostname="DESKTOP-GK381SJ" name="Default test" tests="3" failures="0" timestamp="15 Mar 2021 18:21:35 GMT" time="0.155" errors="0">
  <testcase name="@BeforeClass Bc" time="0.0" classname="crmvtigerassignment.CreateFilter">
    <failure type="org.testng.TestNGException" message="
Parameter &amp;apos;BROWSER&amp;apos; is required by @Configuration on method Bc but has not been marked @Optional or defined
in C:\Users\Dell\AppData\Local\Temp\testng-eclipse--327031812\testng-customsuite.xml">
      <![CDATA[org.testng.TestNGException: 
Parameter 'BROWSER' is required by @Configuration on method Bc but has not been marked @Optional or defined
in C:\Users\Dell\AppData\Local\Temp\testng-eclipse--327031812\testng-customsuite.xml
	at org.testng.internal.Parameters.createParameters(Parameters.java:156)
	at org.testng.internal.Parameters.createParameters(Parameters.java:370)
	at org.testng.internal.Parameters.createConfigurationParameters(Parameters.java:86)
	at org.testng.internal.Invoker.invokeConfigurations(Invoker.java:202)
	at org.testng.internal.Invoker.invokeConfigurations(Invoker.java:143)
	at org.testng.internal.TestMethodWorker.invokeBeforeClassMethods(TestMethodWorker.java:169)
	at org.testng.internal.TestMethodWorker.run(TestMethodWorker.java:108)
	at org.testng.TestRunner.privateRun(TestRunner.java:753)
	at org.testng.TestRunner.run(TestRunner.java:607)
	at org.testng.SuiteRunner.runTest(SuiteRunner.java:368)
	at org.testng.SuiteRunner.runSequentially(SuiteRunner.java:363)
	at org.testng.SuiteRunner.privateRun(SuiteRunner.java:321)
	at org.testng.SuiteRunner.run(SuiteRunner.java:270)
	at org.testng.SuiteRunnerWorker.runSuite(SuiteRunnerWorker.java:52)
	at org.testng.SuiteRunnerWorker.run(SuiteRunnerWorker.java:86)
	at org.testng.TestNG.runSuitesSequentially(TestNG.java:1284)
	at org.testng.TestNG.runSuitesLocally(TestNG.java:1209)
	at org.testng.TestNG.runSuites(TestNG.java:1124)
	at org.testng.TestNG.run(TestNG.java:1096)
	at org.testng.remote.AbstractRemoteTestNG.run(AbstractRemoteTestNG.java:132)
	at org.testng.remote.RemoteTestNG.initAndRun(RemoteTestNG.java:236)
	at org.testng.remote.RemoteTestNG.main(RemoteTestNG.java:81)
]]>
    </failure>
  </testcase> <!-- @BeforeClass Bc -->
  <testcase name="@BeforeMethod Bm" time="0.0" classname="crmvtigerassignment.CreateFilter">
    <skipped/>
  </testcase> <!-- @BeforeMethod Bm -->
  <testcase name="@AfterMethod Am" time="0.0" classname="crmvtigerassignment.CreateFilter">
    <skipped/>
  </testcase> <!-- @AfterMethod Am -->
  <testcase name="@BeforeMethod Bm" time="0.0" classname="crmvtigerassignment.CreateFilter">
    <skipped/>
  </testcase> <!-- @BeforeMethod Bm -->
  <testcase name="@AfterMethod Am" time="0.0" classname="crmvtigerassignment.CreateFilter">
    <skipped/>
  </testcase> <!-- @AfterMethod Am -->
  <testcase name="@BeforeMethod Bm" time="0.0" classname="crmvtigerassignment.CreateFilter">
    <skipped/>
  </testcase> <!-- @BeforeMethod Bm -->
  <testcase name="@AfterMethod Am" time="0.0" classname="crmvtigerassignment.CreateFilter">
    <skipped/>
  </testcase> <!-- @AfterMethod Am -->
  <testcase name="@AfterClass Ac" time="0.0" classname="crmvtigerassignment.CreateFilter">
    <skipped/>
  </testcase> <!-- @AfterClass Ac -->
  <testcase name="CreateFilterTC_26" time="0.002" classname="crmvtigerassignment.CreateFilter">
    <skipped/>
  </testcase> <!-- CreateFilterTC_26 -->
  <testcase name="CreateFilterTC_27" time="0.003" classname="crmvtigerassignment.CreateFilter">
    <skipped/>
  </testcase> <!-- CreateFilterTC_27 -->
  <testcase name="CreateFilterTC_28" time="0.002" classname="crmvtigerassignment.CreateFilter">
    <skipped/>
  </testcase> <!-- CreateFilterTC_28 -->
</testsuite> <!-- Default test -->
